
[D:\!SHU_FD\DAS\200624_285.000]
Style=BYMESSAGE
FifoLength=70000 * 1024
StartedAt=16:46:56 06/20/24
DataLength=159959745 : 162222162-5937-2256480
FifoUsagePeak(%)=0.07
FifoFreeSpace=23665 : / - / - / - / - / - / - / - / - / - / 23665 /
CloseRecordFile(ms)=0 < 0 < 3 
OpenRecordFile(ms)=0 < 0 < 3 
LastRecordIndex=159
DiskSpaceAvailable=58770 * 1024 * 1024
FinishedAt=17:26:23 06/20/24

[D:\!SHU_FD\DAS\210624_285.000]
Style=BYMESSAGE
FifoLength=70000 * 1024
StartedAt=08:05:37 06/21/24
DataLength=3523187365 : 3567939173-6208-44745600+
FifoUsagePeak(%)=0.09
FifoFreeSpace=469605 : / - / - / - / - / - / - / - / - / - / 469605 /
CloseRecordFile(ms)=0 < 0 < 12 
OpenRecordFile(ms)=0 < 0 < 11 
LastRecordIndex=3505
DiskSpaceAvailable=55403 * 1024 * 1024
FinishedAt=21:08:17 06/21/24

[D:\!SHU_FD\DAS\22_06_24_280.000]
Style=BYMESSAGE
FifoLength=70000 * 1024
StartedAt=00:08:20 06/22/24
DataLength=4061392399 : 4112588144-5665-51189888
FifoUsagePeak(%)=0.07
FifoFreeSpace=537270 : / - / - / - / - / - / - / - / - / - / 537270 /
CloseRecordFile(ms)=0 < 0 < 13 
OpenRecordFile(ms)=0 < 0 < 11 
LastRecordIndex=4039
DiskSpaceAvailable=51521 * 1024 * 1024
FinishedAt=15:03:47 06/22/24

[D:\!SHU_FD\DAS\220624_285.000]
Style=BYMESSAGE
FifoLength=70000 * 1024
StartedAt=20:45:50 06/22/24
DataLength=216501885 : 219263558-1097-2760576
FifoUsagePeak(%)=0.07
FifoFreeSpace=28971 : / - / - / - / - / - / - / - / - / - / 28971 /
CloseRecordFile(ms)=0 < 0 < 5 
OpenRecordFile(ms)=0 < 0 < 11 
LastRecordIndex=215
DiskSpaceAvailable=51315 * 1024 * 1024
FinishedAt=21:34:07 06/22/24

[D:\!SHU_FD\DAS\220624_285_2.000]
Style=BYMESSAGE
FifoLength=70000 * 1024
StartedAt=22:00:01 06/22/24
DataLength=3777458881 : 3824045657-13720-46572960
FifoUsagePeak(%)=0.28
FifoFreeSpace=488892 : / - / - / - / - / - / - / - / - / - / 488892 /
CloseRecordFile(ms)=0 < 1 < 216 
OpenRecordFile(ms)=0 < 3 < 221 
LastRecordIndex=3754
DiskSpaceAvailable=47704 * 1024 * 1024
FinishedAt=11:34:50 06/23/24

[D:\!SHU_FD\DAS\230624_282.000]
Style=BYMESSAGE
FifoLength=70000 * 1024
StartedAt=16:38:02 06/23/24
DataLength=3732603587 : 3778636172-5769-46026816
FifoUsagePeak(%)=0.09
FifoFreeSpace=483157 : / - / - / - / - / - / - / - / - / - / 483157 /
CloseRecordFile(ms)=0 < 2 < 103 
OpenRecordFile(ms)=0 < 4 < 122 
LastRecordIndex=3710
DiskSpaceAvailable=44137 * 1024 * 1024
FinishedAt=06:03:18 06/24/24

[D:\!SHU_FD\DAS\248_240624.000]
Style=BYMESSAGE
FifoLength=70000 * 1024
StartedAt=12:55:39 06/24/24
DataLength=2239171287 : 2268461658-5379-29284992
FifoUsagePeak(%)=0.07
FifoFreeSpace=307282 : / - / - / - / - / - / - / - / - / - / 307282 /
CloseRecordFile(ms)=0 < 0 < 5 
OpenRecordFile(ms)=0 < 1 < 27 
LastRecordIndex=2230
DiskSpaceAvailable=41998 * 1024 * 1024
FinishedAt=21:27:47 06/24/24

[D:\!SHU_FD\DAS\250624_282.000]
Style=BYMESSAGE
FifoLength=70000 * 1024
StartedAt=02:33:16 06/25/24
DataLength=3605113251 : 3652060774-1219-46946304
FifoUsagePeak(%)=0.07
FifoFreeSpace=492612 : / - / - / - / - / - / - / - / - / - / 492612 /
CloseRecordFile(ms)=0 < 0 < 8 
OpenRecordFile(ms)=0 < 1 < 28 
LastRecordIndex=3588
DiskSpaceAvailable=38552 * 1024 * 1024
FinishedAt=16:14:17 06/25/24

[D:\!SHU_FD\DAS\260624_240.000]
Style=BYMESSAGE
FifoLength=70000 * 1024
StartedAt=05:38:24 06/26/24
DataLength=157454323 : 159544675-5424-2084928
FifoUsagePeak(%)=0.07
FifoFreeSpace=21874 : / - / - / - / - / - / - / - / - / - / 21874 /
CloseRecordFile(ms)=0 < 0 < 2 
OpenRecordFile(ms)=0 < 1 < 16 
LastRecordIndex=156
DiskSpaceAvailable=38402 * 1024 * 1024
FinishedAt=06:14:52 06/26/24

[D:\!SHU_FD\DAS\260624_240.000]
Style=BYMESSAGE
FifoLength=70000 * 1024
StartedAt=10:00:04 06/26/24

[D:\!SHU_FD\DAS\240_260624.000]
Style=BYMESSAGE
FifoLength=70000 * 1024
StartedAt=16:33:24 06/26/24
DataLength=1565463587 : 1585052300-12585-19576032
FifoUsagePeak(%)=0.19
FifoFreeSpace=205476 : / - / - / - / - / - / - / - / - / - / 205476 /
CloseRecordFile(ms)=0 < 0 < 8 
OpenRecordFile(ms)=0 < 1 < 29 
LastRecordIndex=1557
DiskSpaceAvailable=35439 * 1024 * 1024
FinishedAt=22:15:52 06/26/24

[D:\!SHU_FD\270624_200.000]
Style=BYMESSAGE
FifoLength=70000 * 1024
StartedAt=06:40:05 06/27/24
DataLength=4364493081 : 4419169432-1375-54674976
FifoUsagePeak(%)=0.07
FifoFreeSpace=573875 : / - / - / - / - / - / - / - / - / - / 573875 /
CloseRecordFile(ms)=0 < 0 < 9 
OpenRecordFile(ms)=0 < 1 < 36 
LastRecordIndex=4344
DiskSpaceAvailable=31268 * 1024 * 1024
FinishedAt=22:36:33 06/27/24

[D:\!SHU_FD\280624_240.000]
Style=BYMESSAGE
FifoLength=70000 * 1024
StartedAt=02:39:57 06/28/24
DataLength=1611611625 : 1631869799-10910-20247264
FifoUsagePeak(%)=0.07
FifoFreeSpace=212514 : / - / - / - / - / - / - / - / - / - / 212514 /
CloseRecordFile(ms)=0 < 0 < 10 
OpenRecordFile(ms)=0 < 1 < 26 
LastRecordIndex=1604
DiskSpaceAvailable=29727 * 1024 * 1024
FinishedAt=08:34:09 06/28/24

[D:\!SHU_FD\280624_280.000]
Style=BYMESSAGE
FifoLength=70000 * 1024
StartedAt=11:12:02 06/28/24
DataLength=591689013 : 599161183-1162-7471008
FifoUsagePeak(%)=0.32
FifoFreeSpace=78412 : / - / - / - / - / - / - / - / - / - / 78412 /
CloseRecordFile(ms)=0 < 0 < 5 
OpenRecordFile(ms)=0 < 1 < 27 
LastRecordIndex=589
DiskSpaceAvailable=29162 * 1024 * 1024
FinishedAt=13:22:44 06/28/24

[D:\!SHU_FD\280624_248.000]
Style=BYMESSAGE
FifoLength=70000 * 1024
StartedAt=14:07:24 06/28/24
DataLength=3710875262 : 3757546289-4851-46666176
FifoUsagePeak(%)=0.07
FifoFreeSpace=489803 : / - / - / - / - / - / - / - / - / - / 489803 /
CloseRecordFile(ms)=0 < 0 < 10 
OpenRecordFile(ms)=0 < 1 < 41 
LastRecordIndex=3696
DiskSpaceAvailable=25616 * 1024 * 1024
FinishedAt=03:43:44 06/29/24

[D:\!SHU_FD\290624_203.000]
Style=BYMESSAGE
FifoLength=70000 * 1024
StartedAt=09:53:29 06/29/24
DataLength=3996805119 : 4046935835-6140-50124576
FifoUsagePeak(%)=0.07
FifoFreeSpace=526111 : / - / - / - / - / - / - / - / - / - / 526111 /
CloseRecordFile(ms)=0 < 0 < 9 
OpenRecordFile(ms)=0 < 1 < 18 
LastRecordIndex=3979
DiskSpaceAvailable=21795 * 1024 * 1024
FinishedAt=00:30:20 06/30/24

[D:\!SHU_FD\300624_282.000]
Style=BYMESSAGE
FifoLength=70000 * 1024
StartedAt=08:04:06 06/30/24
DataLength=3904083056 : 3953181186-7186-49090944
FifoUsagePeak(%)=0.07
FifoFreeSpace=515253 : / - / - / - / - / - / - / - / - / - / 515253 /
CloseRecordFile(ms)=0 < 0 < 7 
OpenRecordFile(ms)=0 < 1 < 21 
LastRecordIndex=3888
DiskSpaceAvailable=18063 * 1024 * 1024
FinishedAt=22:22:52 06/30/24

[D:\!SHU_FD\010724_290.000]
Style=BYMESSAGE
FifoLength=70000 * 1024
StartedAt=03:01:56 07/01/24
DataLength=4478124286 : 4534322811-7613-56190816
FifoUsagePeak(%)=0.07
FifoFreeSpace=589782 : / - / - / - / - / - / - / - / - / - / 589782 /
CloseRecordFile(ms)=0 < 0 < 12 
OpenRecordFile(ms)=0 < 1 < 36 
LastRecordIndex=4459
DiskSpaceAvailable=13781 * 1024 * 1024
FinishedAt=19:24:55 07/01/24

[D:\!SHU_FD\010724_280.000]
Style=BYMESSAGE
FifoLength=70000 * 1024
StartedAt=21:17:41 07/01/24
DataLength=4082555894 : 4133944801-9323-51379584
FifoUsagePeak(%)=0.20
FifoFreeSpace=539272 : / - / - / - / - / - / - / - / - / - / 539272 /
CloseRecordFile(ms)=0 < 0 < 6 
OpenRecordFile(ms)=0 < 1 < 1529 
LastRecordIndex=4067
DiskSpaceAvailable=10375 * 1024 * 1024
FinishedAt=12:16:28 07/02/24

[D:\!SHU_FD\020724_282.000]
Style=BYMESSAGE
FifoLength=70000 * 1024
StartedAt=23:01:23 07/02/24
DataLength=4127112282 : 4178882130-10296-51759264
FifoUsagePeak(%)=0.07
FifoFreeSpace=543272 : / - / - / - / - / - / - / - / - / - / 543272 /
CloseRecordFile(ms)=0 < 0 < 6 
OpenRecordFile(ms)=0 < 1 < 68 
LastRecordIndex=4109
DiskSpaceAvailable=6430 * 1024 * 1024
FinishedAt=14:06:50 07/03/24

[D:\!SHU_FD\030724_280.000]
Style=BYMESSAGE
FifoLength=70000 * 1024
StartedAt=20:09:37 07/03/24
DataLength=3962088662 : 4012004842-5300-49910880
FifoUsagePeak(%)=0.07
FifoFreeSpace=523850 : / - / - / - / - / - / - / - / - / - / 523850 /
CloseRecordFile(ms)=0 < 0 < 12 
OpenRecordFile(ms)=0 < 1 < 26 
LastRecordIndex=3945
DiskSpaceAvailable=2642 * 1024 * 1024
FinishedAt=10:42:42 07/04/24

[D:\!SHU_FD\040724_282.000]
Style=BYMESSAGE
FifoLength=70000 * 1024
StartedAt=16:00:02 07/04/24
DataLength=2562831412 : 2595052364-10648-32210208
FifoUsagePeak(%)=0.10
FifoFreeSpace=338076 : / - / - / - / - / - / - / - / - / - / 338076 /
CloseRecordFile(ms)=0 < 0 < 8 
OpenRecordFile(ms)=0 < 1 < 33 
LastRecordIndex=2551
DiskSpaceAvailable=190 * 1024 * 1024
FinishedAt=01:23:29 07/05/24

[D:\!SHU_FD\050724_282.000]
Style=BYMESSAGE
FifoLength=70000 * 1024
StartedAt=02:12:11 07/05/24
DataLength=995421303 : 1007920857-5922-12493632
FifoUsagePeak(%)=0.07
FifoFreeSpace=131134 : / - / - / - / - / - / - / - / - / - / 131134 /
CloseRecordFile(ms)=0 < 0 < 7 
OpenRecordFile(ms)=0 < 0 < 10 
LastRecordIndex=991
DiskSpaceAvailable=25308 * 1024 * 1024
FinishedAt=05:50:44 07/05/24

[D:\!SHU_FD\050724_248.000]
Style=BYMESSAGE
FifoLength=70000 * 1024
StartedAt=10:14:19 07/05/24
DataLength=3844507922 : 3892950163-10337-48431808
FifoUsagePeak(%)=0.07
FifoFreeSpace=508329 : / - / - / - / - / - / - / - / - / - / 508329 /
CloseRecordFile(ms)=0 < 0 < 8 
OpenRecordFile(ms)=0 < 0 < 9 
LastRecordIndex=3829
DiskSpaceAvailable=21634 * 1024 * 1024
FinishedAt=00:21:32 07/06/24

[D:\!SHU_FD\060724_280.000]
Style=BYMESSAGE
FifoLength=70000 * 1024
StartedAt=00:22:06 07/06/24
DataLength=2640688428 : 2673849402-6606-33154368
FifoUsagePeak(%)=0.07
FifoFreeSpace=347989 : / - / - / - / - / - / - / - / - / - / 347989 /
CloseRecordFile(ms)=0 < 0 < 8 
OpenRecordFile(ms)=0 < 0 < 6 
LastRecordIndex=2630
DiskSpaceAvailable=19111 * 1024 * 1024
FinishedAt=10:02:05 07/06/24

[D:\!SHU_FD\060724_290.000]
Style=BYMESSAGE
FifoLength=70000 * 1024
StartedAt=10:02:28 07/06/24
DataLength=2333997013 : 2363256622-2745-29256864
FifoUsagePeak(%)=0.07
FifoFreeSpace=307082 : / - / - / - / - / - / - / - / - / - / 307082 /
CloseRecordFile(ms)=0 < 0 < 8 
OpenRecordFile(ms)=0 < 0 < 11 
LastRecordIndex=2323
DiskSpaceAvailable=16880 * 1024 * 1024
FinishedAt=18:34:17 07/06/24

[D:\!SHU_FD\070724_273.000]
Style=BYMESSAGE
FifoLength=70000 * 1024
StartedAt=21:59:23 07/07/24
DataLength=4305217928 : 4359336849-10729-54108192
FifoUsagePeak(%)=0.07
FifoFreeSpace=567915 : / - / - / - / - / - / - / - / - / - / 567915 /
CloseRecordFile(ms)=0 < 0 < 9 
OpenRecordFile(ms)=0 < 0 < 9 
LastRecordIndex=4287
DiskSpaceAvailable=12766 * 1024 * 1024
FinishedAt=13:45:55 07/08/24

[D:\!SHU_FD\080724_203.000]
Style=BYMESSAGE
FifoLength=70000 * 1024
StartedAt=15:42:23 07/08/24
DataLength=500769880 : 507098895-8375-6320640
FifoUsagePeak(%)=0.07
FifoFreeSpace=66339 : / - / - / - / - / - / - / - / - / - / 66339 /
CloseRecordFile(ms)=0 < 0 < 6 
OpenRecordFile(ms)=0 < 0 < 9 
LastRecordIndex=498
DiskSpaceAvailable=12288 * 1024 * 1024
FinishedAt=17:32:57 07/08/24

[D:\!SHU_FD\090724_273.000]
Style=BYMESSAGE
FifoLength=70000 * 1024
StartedAt=12:48:03 07/09/24
DataLength=1808121921 : 1831013324-10187-22881216
FifoUsagePeak(%)=0.07
FifoFreeSpace=240146 : / - / - / - / - / - / - / - / - / - / 240146 /
CloseRecordFile(ms)=0 < 0 < 6 
OpenRecordFile(ms)=0 < 0 < 7 
LastRecordIndex=1799
DiskSpaceAvailable=10560 * 1024 * 1024
FinishedAt=19:28:17 07/09/24

[D:\!SHU_FD\090724_203.000]
Style=BYMESSAGE
FifoLength=70000 * 1024
StartedAt=19:29:03 07/09/24
DataLength=4020337841 : 4071038644-5027-50695776
FifoUsagePeak(%)=0.07
FifoFreeSpace=532080 : / - / - / - / - / - / - / - / - / - / 532080 /
CloseRecordFile(ms)=0 < 0 < 9 
OpenRecordFile(ms)=0 < 0 < 9 
LastRecordIndex=3999
DiskSpaceAvailable=6717 * 1024 * 1024
FinishedAt=10:15:52 07/10/24

[D:\!SHU_FD\DAS\100724_285.000]
Style=BYMESSAGE
FifoLength=70000 * 1024
StartedAt=12:59:23 07/10/24
DataLength=391837735 : 396806092-5925-4962432
FifoUsagePeak(%)=0.07
FifoFreeSpace=52081 : / - / - / - / - / - / - / - / - / - / 52081 /
CloseRecordFile(ms)=0 < 0 < 6 
OpenRecordFile(ms)=0 < 2 < 27 
LastRecordIndex=389
DiskSpaceAvailable=6343 * 1024 * 1024
FinishedAt=14:26:12 07/10/24

[D:\!SHU_FD\DAS\100724_285.000]
Style=BYMESSAGE
FifoLength=70000 * 1024
StartedAt=15:26:53 07/10/24
DataLength=1230998644 : 1246516074-7670-15509760
FifoUsagePeak(%)=2.34
FifoFreeSpace=162786 : / - / - / - / - / - / - / - / - / - / 162786 /
CloseRecordFile(ms)=0 < 0 < 7 
OpenRecordFile(ms)=0 < 1 < 32 
LastRecordIndex=1225
DiskSpaceAvailable=5541 * 1024 * 1024
FinishedAt=19:58:11 07/10/24

[D:\!SHU_FD\DAS\11072024_282.000]
Style=BYMESSAGE
FifoLength=70000 * 1024
StartedAt=06:57:11 07/11/24
DataLength=4222915901 : 4275941329-884-53024448
FifoUsagePeak(%)=0.07
FifoFreeSpace=556542 : / - / - / - / - / - / - / - / - / - / 556542 /
CloseRecordFile(ms)=0 < 0 < 9 
OpenRecordFile(ms)=0 < 1 < 32 
LastRecordIndex=4203
DiskSpaceAvailable=1506 * 1024 * 1024
FinishedAt=22:24:45 07/11/24

[D:\!SHU_FD\DAS\120724_218.000]
Style=BYMESSAGE
FifoLength=70000 * 1024
StartedAt=01:54:35 07/13/24
DataLength=1376470340 : 1393780384-10076-17299968
FifoUsagePeak(%)=0.07
FifoFreeSpace=181579 : / - / - / - / - / - / - / - / - / - / 181579 /
CloseRecordFile(ms)=0 < 0 < 8 
OpenRecordFile(ms)=0 < 1 < 26 
LastRecordIndex=1370
DiskSpaceAvailable=190 * 1024 * 1024
FinishedAt=06:57:13 07/13/24

[D:\!SHU_FD\DAS\130724_218.000]
Style=BYMESSAGE
FifoLength=70000 * 1024
StartedAt=08:18:31 07/13/24
DataLength=2692975723 : 2726728144-12261-33740160
FifoUsagePeak(%)=0.07
FifoFreeSpace=354141 : / - / - / - / - / - / - / - / - / - / 354141 /
CloseRecordFile(ms)=0 < 0 < 18 
OpenRecordFile(ms)=0 < 0 < 9 
LastRecordIndex=2680
DiskSpaceAvailable=16667 * 1024 * 1024
FinishedAt=18:08:45 07/13/24

[D:\!SHU_FD\DAS\130724_200.000]
Style=BYMESSAGE
FifoLength=70000 * 1024
StartedAt=18:09:42 07/13/24
DataLength=3366542189 : 3408713685-4168-42167328
FifoUsagePeak(%)=0.07
FifoFreeSpace=442593 : / - / - / - / - / - / - / - / - / - / 442593 /
CloseRecordFile(ms)=0 < 0 < 8 
OpenRecordFile(ms)=0 < 1 < 31 
LastRecordIndex=3350
DiskSpaceAvailable=13450 * 1024 * 1024
FinishedAt=06:27:21 07/14/24

[D:\!SHU_FD\DAS\140724_200.000]
Style=BYMESSAGE
FifoLength=70000 * 1024
StartedAt=15:35:33 07/14/24
DataLength=2679362127 : 2713022408-5945-33654144
FifoUsagePeak(%)=0.07
FifoFreeSpace=353235 : / - / - / - / - / - / - / - / - / - / 353235 /
CloseRecordFile(ms)=0 < 0 < 7 
OpenRecordFile(ms)=0 < 0 < 12 
LastRecordIndex=2668
DiskSpaceAvailable=10889 * 1024 * 1024
FinishedAt=01:24:17 07/15/24

[D:\!SHU_FD\DAS\150724_240.000]
Style=BYMESSAGE
FifoLength=70000 * 1024
StartedAt=06:48:12 07/15/24

[D:\!SHU_FD\DAS\150724_240B.000]
Style=BYMESSAGE
FifoLength=70000 * 1024
StartedAt=12:38:42 07/15/24
DataLength=4358842659 : 4413426058-9223-54574176
FifoUsagePeak(%)=0.07
FifoFreeSpace=572820 : / - / - / - / - / - / - / - / - / - / 572820 /
CloseRecordFile(ms)=0 < 0 < 11 
OpenRecordFile(ms)=0 < 1 < 67 
LastRecordIndex=4338
DiskSpaceAvailable=5237 * 1024 * 1024
FinishedAt=04:33:25 07/16/24

[D:\!SHU_FD\DAS\170724_203.000]
Style=BYMESSAGE
FifoLength=70000 * 1024
StartedAt=05:10:41 07/17/24
DataLength=3894236626 : 3949979672-8326-55734720
FifoUsagePeak(%)=0.07
FifoFreeSpace=584448 : / - / - / - / - / - / - / - / - / - / 584448 /
CloseRecordFile(ms)=0 < 0 < 6 
OpenRecordFile(ms)=0 < 1 < 38 
LastRecordIndex=3877
DiskSpaceAvailable=1516 * 1024 * 1024
FinishedAt=21:24:46 07/17/24

[D:\!SHU_FD\DAS\180724_203.000]
Style=BYMESSAGE
FifoLength=70000 * 1024
StartedAt=02:08:13 07/18/24
DataLength=562757976 : 569899942-8110-7133856
FifoUsagePeak(%)=0.07
FifoFreeSpace=74872 : / - / - / - / - / - / - / - / - / - / 74872 /
CloseRecordFile(ms)=0 < 0 < 4 
OpenRecordFile(ms)=0 < 1 < 25 
LastRecordIndex=560
DiskSpaceAvailable=978 * 1024 * 1024
FinishedAt=04:13:01 07/18/24

[D:\!SHU_FD\DAS\180724_203A.000]
Style=BYMESSAGE
FifoLength=70000 * 1024
StartedAt=04:15:28 07/18/24
DataLength=823822926 : 836508234-6012-12679296
FifoUsagePeak(%)=0.07
FifoFreeSpace=132897 : / - / - / - / - / - / - / - / - / - / 132897 /
CloseRecordFile(ms)=0 < 0 < 6 
OpenRecordFile(ms)=0 < 1 < 19 
LastRecordIndex=820
DiskSpaceAvailable=190 * 1024 * 1024
FinishedAt=07:56:58 07/18/24

[D:\!SHU_FD\DAS\180724_203_1.000]
Style=BYMESSAGE
FifoLength=70000 * 1024
StartedAt=08:35:06 07/18/24
DataLength=2264105044 : 2299415122-4446-35305536
FifoUsagePeak(%)=0.12
FifoFreeSpace=370022 : / - / - / - / - / - / - / - / - / - / 370022 /
CloseRecordFile(ms)=0 < 0 < 8 
OpenRecordFile(ms)=0 < 1 < 798 
LastRecordIndex=2255
DiskSpaceAvailable=8189 * 1024 * 1024
FinishedAt=18:51:48 07/18/24

[D:\!SHU_FD\DAS\200724_203_1.000]
Style=BYMESSAGE
FifoLength=70000 * 1024
StartedAt=08:38:57 07/20/24
DataLength=935124909 : 948222324-7719-13089696
FifoUsagePeak(%)=0.07
FifoFreeSpace=137283 : / - / - / - / - / - / - / - / - / - / 137283 /
CloseRecordFile(ms)=0 < 0 < 4 
OpenRecordFile(ms)=0 < 1 < 16 
LastRecordIndex=931
DiskSpaceAvailable=7294 * 1024 * 1024
FinishedAt=12:27:45 07/20/24

[D:\!SHU_FD\DAS\200724_248.000]
Style=BYMESSAGE
FifoLength=70000 * 1024
StartedAt=13:33:34 07/20/24
DataLength=3407619426 : 3459842037-10131-52212480
FifoUsagePeak(%)=0.79
FifoFreeSpace=547275 : / - / - / - / - / - / - / - / - / - / 547275 /
CloseRecordFile(ms)=0 < 0 < 10 
OpenRecordFile(ms)=0 < 1 < 26 
LastRecordIndex=3394
DiskSpaceAvailable=4036 * 1024 * 1024
FinishedAt=04:45:41 07/21/24

[D:\!SHU_FD\DAS\210724_282.000]
Style=BYMESSAGE
FifoLength=70000 * 1024
StartedAt=07:17:06 07/21/24
DataLength=3657800812 : 3713736984-8108-55928064
FifoUsagePeak(%)=0.16
FifoFreeSpace=586228 : / - / - / - / - / - / - / - / - / - / 586228 /
CloseRecordFile(ms)=0 < 1 < 1197 
OpenRecordFile(ms)=0 < 1 < 462 
LastRecordIndex=3643
DiskSpaceAvailable=539 * 1024 * 1024
FinishedAt=23:34:09 07/21/24

[D:\!SHU_FD\DAS\220724_240.000]
Style=BYMESSAGE
FifoLength=70000 * 1024
StartedAt=15:18:54 07/22/24
DataLength=364547313 : 369144256-6607-4590336
FifoUsagePeak(%)=0.07
FifoFreeSpace=48179 : / - / - / - / - / - / - / - / - / - / 48179 /
CloseRecordFile(ms)=0 < 0 < 4 
OpenRecordFile(ms)=0 < 1 < 30 
LastRecordIndex=362
DiskSpaceAvailable=190 * 1024 * 1024
FinishedAt=16:39:12 07/22/24

[D:\!SHU_FD\DAS\220724_240.000]
Style=BYMESSAGE
FifoLength=70000 * 1024
StartedAt=17:17:37 07/22/24
DataLength=364661938 : 369241488-10046-4569504
FifoUsagePeak(%)=0.07
FifoFreeSpace=47963 : / - / - / - / - / - / - / - / - / - / 47963 /
CloseRecordFile(ms)=0 < 1 < 5 
OpenRecordFile(ms)=0 < 1 < 29 
LastRecordIndex=363
DiskSpaceAvailable=190 * 1024 * 1024
FinishedAt=18:37:34 07/22/24

[D:\!SHU_FD\DAS\230724_240.000]
Style=BYMESSAGE
FifoLength=70000 * 1024
StartedAt=04:03:01 07/23/24
DataLength=1818092527 : 1840895807-3856-22799424
FifoUsagePeak(%)=0.07
FifoFreeSpace=239303 : / - / - / - / - / - / - / - / - / - / 239303 /
CloseRecordFile(ms)=0 < 1 < 11 
OpenRecordFile(ms)=0 < 1 < 22 
LastRecordIndex=1809
DiskSpaceAvailable=115215 * 1024 * 1024
FinishedAt=10:41:51 07/23/24

[D:\!SHU_FD\DAS\240724_218.000]
Style=BYMESSAGE
FifoLength=70000 * 1024
StartedAt=01:29:15 07/24/24
DataLength=4024594828 : 4075379024-6436-50777760
FifoUsagePeak(%)=0.08
FifoFreeSpace=532941 : / - / - / - / - / - / - / - / - / - / 532941 /
CloseRecordFile(ms)=0 < 0 < 13 
OpenRecordFile(ms)=0 < 1 < 12 
LastRecordIndex=4006
DiskSpaceAvailable=111369 * 1024 * 1024
FinishedAt=16:17:30 07/24/24

[D:\!SHU_FD\DAS\250724_290.000]
Style=BYMESSAGE
FifoLength=70000 * 1024
StartedAt=00:07:27 07/25/24
DataLength=4012303648 : 4062786577-12273-50470656
FifoUsagePeak(%)=0.07
FifoFreeSpace=529732 : / - / - / - / - / - / - / - / - / - / 529732 /
CloseRecordFile(ms)=0 < 0 < 10 
OpenRecordFile(ms)=0 < 1 < 28 
LastRecordIndex=3995
DiskSpaceAvailable=107535 * 1024 * 1024
FinishedAt=14:50:20 07/25/24

[D:\!SHU_FD\DAS\282_250724.000]
Style=BYMESSAGE
FifoLength=70000 * 1024
StartedAt=18:22:03 07/25/24
DataLength=248377870 : 251517358-6240-3133248
FifoUsagePeak(%)=0.07
FifoFreeSpace=32885 : / - / - / - / - / - / - / - / - / - / 32885 /
CloseRecordFile(ms)=0 < 0 < 6 
OpenRecordFile(ms)=0 < 1 < 7 
LastRecordIndex=247
DiskSpaceAvailable=107298 * 1024 * 1024
FinishedAt=19:16:51 07/25/24

[D:\!SHU_FD\DAS\260724_282.000]
Style=BYMESSAGE
FifoLength=70000 * 1024
StartedAt=22:54:18 07/25/24
DataLength=132496892 : 134182380-13936-1671552
FifoUsagePeak(%)=0.07
FifoFreeSpace=17544 : / - / - / - / - / - / - / - / - / - / 17544 /
CloseRecordFile(ms)=0 < 0 < 4 
OpenRecordFile(ms)=0 < 0 < 3 
LastRecordIndex=131
DiskSpaceAvailable=107171 * 1024 * 1024
FinishedAt=23:23:32 07/25/24

[D:\!SHU_FD\DAS\260724_282.000]
Style=BYMESSAGE
FifoLength=70000 * 1024
StartedAt=00:54:41 07/26/24
DataLength=5037478115 : 5100745767-8356-63259296
FifoUsagePeak(%)=0.07
FifoFreeSpace=663969 : / - / - / - / - / - / - / - / - / - / 663969 /
CloseRecordFile(ms)=0 < 0 < 10 
OpenRecordFile(ms)=0 < 1 < 29 
LastRecordIndex=5018
DiskSpaceAvailable=102484 * 1024 * 1024
FinishedAt=19:21:18 07/26/24

[D:\!SHU_FD\DAS\270724_282.000]
Style=BYMESSAGE
FifoLength=70000 * 1024
StartedAt=05:32:31 07/27/24
DataLength=4385222990 : 4440307072-4274-55079808
FifoUsagePeak(%)=0.07
FifoFreeSpace=578116 : / - / - / - / - / - / - / - / - / - / 578116 /
CloseRecordFile(ms)=0 < 0 < 10 
OpenRecordFile(ms)=0 < 1 < 31 
LastRecordIndex=4368
DiskSpaceAvailable=98293 * 1024 * 1024
FinishedAt=21:36:03 07/27/24

[D:\!SHU_FD\DAS\280724_203.000]
Style=BYMESSAGE
FifoLength=70000 * 1024
StartedAt=05:29:04 07/28/24
DataLength=188877320 : 191307429-3997-2426112
FifoUsagePeak(%)=0.07
FifoFreeSpace=25460 : / - / - / - / - / - / - / - / - / - / 25460 /
CloseRecordFile(ms)=0 < 0 < 8 
OpenRecordFile(ms)=0 < 0 < 5 
LastRecordIndex=188
DiskSpaceAvailable=98113 * 1024 * 1024
FinishedAt=06:11:30 07/28/24

[D:\!SHU_FD\DAS\270724_282_1.000]
Style=BYMESSAGE
FifoLength=70000 * 1024
StartedAt=06:46:50 07/28/24
DataLength=3794654507 : 3842335282-2567-47678112
FifoUsagePeak(%)=0.07
FifoFreeSpace=500428 : / - / - / - / - / - / - / - / - / - / 500428 /
CloseRecordFile(ms)=0 < 0 < 9 
OpenRecordFile(ms)=0 < 1 < 10 
LastRecordIndex=3780
DiskSpaceAvailable=94487 * 1024 * 1024
FinishedAt=20:40:53 07/28/24

[D:\!SHU_FD\DAS\290724_298.000]
Style=BYMESSAGE
FifoLength=70000 * 1024
StartedAt=09:25:23 07/29/24
DataLength=2821266615 : 2856651314-2267-35382432
FifoUsagePeak(%)=0.07
FifoFreeSpace=371375 : / - / - / - / - / - / - / - / - / - / 371375 /
CloseRecordFile(ms)=0 < 0 < 9 
OpenRecordFile(ms)=0 < 1 < 12 
LastRecordIndex=2808
DiskSpaceAvailable=91791 * 1024 * 1024
FinishedAt=19:44:20 07/29/24

[D:\!SHU_FD\DAS\280724_248.000]
Style=BYMESSAGE
FifoLength=70000 * 1024
StartedAt=22:58:06 07/29/24
DataLength=3658687291 : 3704672655-9620-45975744
FifoUsagePeak(%)=0.07
FifoFreeSpace=482558 : / - / - / - / - / - / - / - / - / - / 482558 /
CloseRecordFile(ms)=0 < 0 < 8 
OpenRecordFile(ms)=0 < 1 < 10 
LastRecordIndex=3643
DiskSpaceAvailable=88294 * 1024 * 1024
FinishedAt=12:22:22 07/30/24

[D:\!SHU_FD\DAS\300724_203.000]
Style=BYMESSAGE
FifoLength=70000 * 1024
StartedAt=21:22:13 07/30/24
DataLength=523610906 : 530268990-7588-6650496
FifoUsagePeak(%)=0.07
FifoFreeSpace=69798 : / - / - / - / - / - / - / - / - / - / 69798 /
CloseRecordFile(ms)=0 < 0 < 8 
OpenRecordFile(ms)=0 < 0 < 7 
LastRecordIndex=521
DiskSpaceAvailable=87794 * 1024 * 1024
FinishedAt=23:18:33 07/30/24

[D:\!SHU_FD\DAS\310724_282.000]
Style=BYMESSAGE
FifoLength=70000 * 1024
StartedAt=00:57:14 07/31/24
DataLength=5742808559 : 5825282014-2543-82470816
FifoUsagePeak(%)=0.07
FifoFreeSpace=864793 : / - / - / - / - / - / - / - / - / - / 864793 /
CloseRecordFile(ms)=0 < 0 < 13 
OpenRecordFile(ms)=0 < 0 < 15 
LastRecordIndex=5721
DiskSpaceAvailable=82306 * 1024 * 1024
FinishedAt=00:58:33 08/01/24

[D:\!SHU_FD\DAS\010824_240.000]
Style=BYMESSAGE
FifoLength=70000 * 1024
StartedAt=00:58:49 08/01/24
DataLength=2548394858 : 2580659703-15949-32248896
FifoUsagePeak(%)=0.38
FifoFreeSpace=338464 : / - / - / - / - / - / - / - / - / - / 338464 /
CloseRecordFile(ms)=0 < 0 < 8 
OpenRecordFile(ms)=0 < 0 < 9 
LastRecordIndex=2536
DiskSpaceAvailable=79870 * 1024 * 1024
FinishedAt=10:22:56 08/01/24

[D:\!SHU_FD\DAS\010824_240_1.000]
Style=BYMESSAGE
FifoLength=70000 * 1024
StartedAt=10:26:53 08/01/24
DataLength=1711660607 : 1733174740-14357-21499776
FifoUsagePeak(%)=0.07
FifoFreeSpace=225661 : / - / - / - / - / - / - / - / - / - / 225661 /
CloseRecordFile(ms)=0 < 1 < 9 
OpenRecordFile(ms)=0 < 1 < 9 
LastRecordIndex=1704
DiskSpaceAvailable=78234 * 1024 * 1024
FinishedAt=16:42:59 08/01/24

[D:\!SHU_FD\DAS\010824_298.000]
Style=BYMESSAGE
FifoLength=70000 * 1024
StartedAt=17:55:41 08/01/24
DataLength=3246869923 : 3287588681-934-40717824
FifoUsagePeak(%)=0.07
FifoFreeSpace=427375 : / - / - / - / - / - / - / - / - / - / 427375 /
CloseRecordFile(ms)=0 < 1 < 9 
OpenRecordFile(ms)=0 < 1 < 45 
LastRecordIndex=3231
DiskSpaceAvailable=75132 * 1024 * 1024
FinishedAt=05:47:58 08/02/24

[D:\!SHU_FD\DAS\020824_247.000]
Style=BYMESSAGE
FifoLength=70000 * 1024
StartedAt=09:55:48 08/02/24
DataLength=98566731 : 99857050-4783-1285536
FifoUsagePeak(%)=0.07
FifoFreeSpace=13489 : / - / - / - / - / - / - / - / - / - / 13489 /
CloseRecordFile(ms)=0 < 1 < 3 
OpenRecordFile(ms)=0 < 1 < 5 
LastRecordIndex=098
DiskSpaceAvailable=75037 * 1024 * 1024
FinishedAt=10:18:17 08/02/24

[D:\!SHU_FD\DAS\020824_2470.000]
Style=BYMESSAGE
FifoLength=70000 * 1024
StartedAt=10:29:18 08/02/24
DataLength=3677883949 : 3724212598-4809-46323456
FifoUsagePeak(%)=0.07
FifoFreeSpace=486203 : / - / - / - / - / - / - / - / - / - / 486203 /
CloseRecordFile(ms)=0 < 0 < 8 
OpenRecordFile(ms)=0 < 1 < 12 
LastRecordIndex=3663
DiskSpaceAvailable=71523 * 1024 * 1024
FinishedAt=23:59:38 08/02/24

[D:\!SHU_FD\DAS\030824_247.000]
Style=BYMESSAGE
FifoLength=70000 * 1024
StartedAt=06:06:21 08/03/24
DataLength=3341011008 : 3383018990-7118-42000768
FifoUsagePeak(%)=0.14
FifoFreeSpace=440837 : / - / - / - / - / - / - / - / - / - / 440837 /
CloseRecordFile(ms)=0 < 1 < 12 
OpenRecordFile(ms)=0 < 1 < 24 
LastRecordIndex=3327
DiskSpaceAvailable=68330 * 1024 * 1024
FinishedAt=18:21:05 08/03/24

[D:\!SHU_FD\DAS\030824_282.000]
Style=BYMESSAGE
FifoLength=70000 * 1024
StartedAt=18:37:03 08/03/24
DataLength=2382132276 : 2412124378-8902-29983008
FifoUsagePeak(%)=0.07
FifoFreeSpace=314699 : / - / - / - / - / - / - / - / - / - / 314699 /
CloseRecordFile(ms)=0 < 1 < 11 
OpenRecordFile(ms)=0 < 1 < 44 
LastRecordIndex=2373
DiskSpaceAvailable=66054 * 1024 * 1024
FinishedAt=03:21:33 08/04/24

[D:\!SHU_FD\DAS\040824_285.000]
Style=BYMESSAGE
FifoLength=70000 * 1024
StartedAt=09:58:49 08/04/24
DataLength=3546302407 : 3591130814-2167-44826144
FifoUsagePeak(%)=0.07
FifoFreeSpace=470469 : / - / - / - / - / - / - / - / - / - / 470469 /
CloseRecordFile(ms)=0 < 0 < 9 
OpenRecordFile(ms)=0 < 0 < 11 
LastRecordIndex=3529
DiskSpaceAvailable=62665 * 1024 * 1024
FinishedAt=23:02:56 08/04/24

[D:\!SHU_FD\DAS\050824_285.000]
Style=BYMESSAGE
FifoLength=70000 * 1024
StartedAt=02:52:23 08/05/24
DataLength=1364120560 : 1381393532-7468-17265408
FifoUsagePeak(%)=0.07
FifoFreeSpace=181208 : / - / - / - / - / - / - / - / - / - / 181208 /
CloseRecordFile(ms)=0 < 0 < 7 
OpenRecordFile(ms)=0 < 0 < 8 
LastRecordIndex=1358
DiskSpaceAvailable=61361 * 1024 * 1024
FinishedAt=07:54:24 08/05/24

[D:\!SHU_FD\DAS\050824_285.000]
Style=BYMESSAGE
FifoLength=70000 * 1024
StartedAt=09:52:54 08/05/24
DataLength=1626139460 : 1646668189-8057-20520672
FifoUsagePeak(%)=0.07
FifoFreeSpace=215377 : / - / - / - / - / - / - / - / - / - / 215377 /
CloseRecordFile(ms)=0 < 0 < 8 
OpenRecordFile(ms)=0 < 0 < 11 
LastRecordIndex=1619
DiskSpaceAvailable=61111 * 1024 * 1024
FinishedAt=15:51:52 08/05/24

[D:\!SHU_FD\DAS\050824_290.000]
Style=BYMESSAGE
FifoLength=70000 * 1024
StartedAt=19:38:17 08/05/24
DataLength=269661427 : 273383512-4389-3717696
FifoUsagePeak(%)=0.07
FifoFreeSpace=38994 : / - / - / - / - / - / - / - / - / - / 38994 /
CloseRecordFile(ms)=0 < 0 < 4 
OpenRecordFile(ms)=0 < 0 < 20 
LastRecordIndex=268
DiskSpaceAvailable=60853 * 1024 * 1024
FinishedAt=20:43:17 08/05/24

[D:\!SHU_FD\DAS\060824_280.000]
Style=BYMESSAGE
FifoLength=70000 * 1024
StartedAt=17:03:34 08/06/24
DataLength=309684972 : 313592833-1237-3906624
FifoUsagePeak(%)=0.20
FifoFreeSpace=41002 : / - / - / - / - / - / - / - / - / - / 41002 /
CloseRecordFile(ms)=0 < 0 < 8 
OpenRecordFile(ms)=0 < 0 < 12 
LastRecordIndex=308
DiskSpaceAvailable=60557 * 1024 * 1024
FinishedAt=18:11:54 08/06/24

[D:\!SHU_FD\DAS\060824_280_2.000]
Style=BYMESSAGE
FifoLength=70000 * 1024
StartedAt=18:18:43 08/06/24
DataLength=1686347321 : 1708595848-3215-22245312
FifoUsagePeak(%)=0.07
FifoFreeSpace=233402 : / - / - / - / - / - / - / - / - / - / 233402 /
CloseRecordFile(ms)=0 < 0 < 9 
OpenRecordFile(ms)=0 < 0 < 28 
LastRecordIndex=1680
DiskSpaceAvailable=58946 * 1024 * 1024
FinishedAt=00:47:43 08/07/24

[D:\!SHU_FD\DAS\070824_298.000]
Style=BYMESSAGE
FifoLength=70000 * 1024
StartedAt=00:47:53 08/07/24
DataLength=1790417890 : 1812974338-7872-22548576
FifoUsagePeak(%)=0.07
FifoFreeSpace=236664 : / - / - / - / - / - / - / - / - / - / 236664 /
CloseRecordFile(ms)=0 < 0 < 9 
OpenRecordFile(ms)=0 < 1 < 27 
LastRecordIndex=1782
DiskSpaceAvailable=57235 * 1024 * 1024
FinishedAt=07:22:19 08/07/24

[D:\!SHU_FD\DAS\080824_203.000]
Style=BYMESSAGE
FifoLength=70000 * 1024
StartedAt=00:08:00 08/08/24
DataLength=650415583 : 658853255-13480-8424192
FifoUsagePeak(%)=0.07
FifoFreeSpace=88400 : / - / - / - / - / - / - / - / - / - / 88400 /
CloseRecordFile(ms)=0 < 0 < 5 
OpenRecordFile(ms)=0 < 1 < 26 
LastRecordIndex=647
DiskSpaceAvailable=56613 * 1024 * 1024
FinishedAt=02:35:20 08/08/24

[D:\!SHU_FD\DAS\080824_290.000]
Style=BYMESSAGE
FifoLength=70000 * 1024
StartedAt=08:19:44 08/08/24
DataLength=4120146763 : 4172184660-4169-52033728
FifoUsagePeak(%)=0.07
FifoFreeSpace=546116 : / - / - / - / - / - / - / - / - / - / 546116 /
CloseRecordFile(ms)=0 < 0 < 9 
OpenRecordFile(ms)=0 < 1 < 26 
LastRecordIndex=4098
DiskSpaceAvailable=52676 * 1024 * 1024
FinishedAt=23:29:55 08/08/24

[D:\!SHU_FD\DAS\090824_218.000]
Style=BYMESSAGE
FifoLength=70000 * 1024
StartedAt=07:08:48 08/09/24
DataLength=126183486 : 127815239-8009-1623744
FifoUsagePeak(%)=0.07
FifoFreeSpace=17040 : / - / - / - / - / - / - / - / - / - / 17040 /
CloseRecordFile(ms)=0 < 0 < 3 
OpenRecordFile(ms)=0 < 0 < 18 
LastRecordIndex=125
DiskSpaceAvailable=52555 * 1024 * 1024
FinishedAt=07:37:13 08/09/24

[D:\!SHU_FD\DAS\090824_247.000]
Style=BYMESSAGE
FifoLength=70000 * 1024
StartedAt=09:39:05 08/09/24
DataLength=389510203 : 394458070-2619-4945248
FifoUsagePeak(%)=0.07
FifoFreeSpace=51900 : / - / - / - / - / - / - / - / - / - / 51900 /
CloseRecordFile(ms)=0 < 0 < 8 
OpenRecordFile(ms)=0 < 1 < 22 
LastRecordIndex=387
DiskSpaceAvailable=52183 * 1024 * 1024
FinishedAt=11:05:35 08/09/24

[D:\!SHU_FD\DAS\090824_282.000]
Style=BYMESSAGE
FifoLength=70000 * 1024
StartedAt=11:05:53 08/09/24
DataLength=124315800 : 125898289-4057-1578432
FifoUsagePeak(%)=0.07
FifoFreeSpace=16565 : / - / - / - / - / - / - / - / - / - / 16565 /
CloseRecordFile(ms)=0 < 0 < 3 
OpenRecordFile(ms)=0 < 1 < 9 
LastRecordIndex=123
DiskSpaceAvailable=52064 * 1024 * 1024
FinishedAt=11:33:29 08/09/24

[D:\!SHU_FD\DAS\100824_218.000]
Style=BYMESSAGE
FifoLength=70000 * 1024
StartedAt=00:53:12 08/10/24
DataLength=389305044 : 394228419-9231-4914048
FifoUsagePeak(%)=0.07
FifoFreeSpace=51577 : / - / - / - / - / - / - / - / - / - / 51577 /
CloseRecordFile(ms)=0 < 0 < 5 
OpenRecordFile(ms)=0 < 0 < 24 
LastRecordIndex=387
DiskSpaceAvailable=51692 * 1024 * 1024
FinishedAt=02:19:09 08/10/24

[D:\!SHU_FD\DAS\100824_298.000]
Style=BYMESSAGE
FifoLength=70000 * 1024
StartedAt=02:19:33 08/10/24
DataLength=47625046 : 48234349-7287-602016
FifoUsagePeak(%)=0.07
FifoFreeSpace=6319 : / - / - / - / - / - / - / - / - / - / 6319 /
CloseRecordFile(ms)=0 < 0 < 2 
OpenRecordFile(ms)=0 < 1 < 22 
LastRecordIndex=047
DiskSpaceAvailable=51646 * 1024 * 1024
FinishedAt=02:30:05 08/10/24

[D:\!SHU_FD\DAS\100824_203.000]
Style=BYMESSAGE
FifoLength=70000 * 1024
StartedAt=16:28:16 08/10/24
DataLength=546860926 : 553782208-8994-6912288
FifoUsagePeak(%)=0.07
FifoFreeSpace=72548 : / - / - / - / - / - / - / - / - / - / 72548 /
CloseRecordFile(ms)=0 < 0 < 3 
OpenRecordFile(ms)=0 < 0 < 23 
LastRecordIndex=544
DiskSpaceAvailable=51124 * 1024 * 1024
FinishedAt=18:29:11 08/10/24

[D:\!SHU_FD\DAS\100824_273.000]
Style=BYMESSAGE
FifoLength=70000 * 1024
StartedAt=18:29:28 08/10/24
DataLength=140468030 : 142238782-7232-1763520
FifoUsagePeak(%)=0.07
FifoFreeSpace=18510 : / - / - / - / - / - / - / - / - / - / 18510 /
CloseRecordFile(ms)=0 < 0 < 3 
OpenRecordFile(ms)=0 < 0 < 3 
LastRecordIndex=139
DiskSpaceAvailable=50989 * 1024 * 1024
FinishedAt=19:00:19 08/10/24

[D:\!SHU_FD\DAS\110824_282.000]
Style=BYMESSAGE
FifoLength=70000 * 1024
StartedAt=13:36:04 08/11/24
DataLength=132423353 : 134150965-9884-1717728
FifoUsagePeak(%)=0.07
FifoFreeSpace=18025 : / - / - / - / - / - / - / - / - / - / 18025 /
CloseRecordFile(ms)=0 < 0 < 5 
OpenRecordFile(ms)=0 < 1 < 25 
LastRecordIndex=131
DiskSpaceAvailable=50863 * 1024 * 1024
FinishedAt=14:06:06 08/11/24

[D:\!SHU_FD\DAS\120824_282.000]
Style=BYMESSAGE
FifoLength=70000 * 1024
StartedAt=13:06:59 08/12/24
DataLength=159266889 : 161368390-13021-2088480
FifoUsagePeak(%)=0.07
FifoFreeSpace=21914 : / - / - / - / - / - / - / - / - / - / 21914 /
CloseRecordFile(ms)=0 < 0 < 7 
OpenRecordFile(ms)=0 < 1 < 25 
LastRecordIndex=158
DiskSpaceAvailable=50711 * 1024 * 1024
FinishedAt=13:43:30 08/12/24

[D:\!SHU_FD\DAS\120824_282B.000]
Style=BYMESSAGE
FifoLength=70000 * 1024
StartedAt=15:37:53 08/12/24
DataLength=263993584 : 267298479-5279-3299616
FifoUsagePeak(%)=0.07
FifoFreeSpace=34633 : / - / - / - / - / - / - / - / - / - / 34633 /
CloseRecordFile(ms)=0 < 0 < 6 
OpenRecordFile(ms)=0 < 0 < 17 
LastRecordIndex=262
DiskSpaceAvailable=50458 * 1024 * 1024
FinishedAt=16:35:36 08/12/24

[D:\!SHU_FD\DAS\120824_280.000]
Style=BYMESSAGE
FifoLength=70000 * 1024
StartedAt=17:22:20 08/12/24
DataLength=83210194 : 84278353-7455-1060704
FifoUsagePeak(%)=0.07
FifoFreeSpace=11131 : / - / - / - / - / - / - / - / - / - / 11131 /
CloseRecordFile(ms)=0 < 0 < 4 
OpenRecordFile(ms)=0 < 1 < 14 
LastRecordIndex=082
DiskSpaceAvailable=50379 * 1024 * 1024
FinishedAt=17:40:53 08/12/24

[D:\!SHU_FD\DAS\120824_282.000]
Style=BYMESSAGE
FifoLength=70000 * 1024
StartedAt=11:56:03 08/13/24
DataLength=104554093 : 105893616-12323-1327200
FifoUsagePeak(%)=0.07
FifoFreeSpace=13930 : / - / - / - / - / - / - / - / - / - / 13930 /
CloseRecordFile(ms)=0 < 0 < 3 
OpenRecordFile(ms)=0 < 0 < 5 
LastRecordIndex=104
DiskSpaceAvailable=50431 * 1024 * 1024
FinishedAt=12:19:16 08/13/24

[D:\!SHU_FD\DAS\1430824_282.000]
Style=BYMESSAGE
FifoLength=70000 * 1024
StartedAt=12:50:03 08/14/24
DataLength=185102052 : 187440857-4277-2334528
FifoUsagePeak(%)=0.07
FifoFreeSpace=24502 : / - / - / - / - / - / - / - / - / - / 24502 /
CloseRecordFile(ms)=0 < 0 < 4 
OpenRecordFile(ms)=0 < 0 < 23 
LastRecordIndex=184
DiskSpaceAvailable=50254 * 1024 * 1024
FinishedAt=13:30:54 08/14/24

[D:\!SHU_FD\DAS\150824_282.000]
Style=BYMESSAGE
FifoLength=70000 * 1024
StartedAt=12:08:52 08/15/24
DataLength=3741819787 : 3788706820-7833-46879200
FifoUsagePeak(%)=0.07
FifoFreeSpace=492048 : / - / - / - / - / - / - / - / - / - / 492048 /
CloseRecordFile(ms)=0 < 0 < 10 
OpenRecordFile(ms)=0 < 1 < 23 
LastRecordIndex=3722
DiskSpaceAvailable=46678 * 1024 * 1024
FinishedAt=01:48:57 08/16/24

[D:\!SHU_FD\DAS\160824_218.000]
Style=BYMESSAGE
FifoLength=70000 * 1024
StartedAt=04:02:16 08/16/24
DataLength=5027434764 : 5090230020-1560-62793600
FifoUsagePeak(%)=0.07
FifoFreeSpace=659105 : / - / - / - / - / - / - / - / - / - / 659105 /
CloseRecordFile(ms)=0 < 0 < 10 
OpenRecordFile(ms)=0 < 1 < 21 
LastRecordIndex=5004
DiskSpaceAvailable=41874 * 1024 * 1024
FinishedAt=22:21:47 08/16/24

[D:\!SHU_FD\DAS\170824_273.000]
Style=BYMESSAGE
FifoLength=70000 * 1024
StartedAt=04:03:40 08/17/24
DataLength=634202768 : 642183151-4031-7976352
FifoUsagePeak(%)=0.07
FifoFreeSpace=83718 : / - / - / - / - / - / - / - / - / - / 83718 /
CloseRecordFile(ms)=0 < 0 < 3 
OpenRecordFile(ms)=0 < 1 < 20 
LastRecordIndex=631
DiskSpaceAvailable=41267 * 1024 * 1024
FinishedAt=06:23:12 08/17/24

[D:\!SHU_FD\DAS\170824_280.000]
Style=BYMESSAGE
FifoLength=70000 * 1024
StartedAt=07:18:31 08/17/24
DataLength=4092111064 : 4143262666-5394-51146208
FifoUsagePeak(%)=0.07
FifoFreeSpace=536846 : / - / - / - / - / - / - / - / - / - / 536846 /
CloseRecordFile(ms)=0 < 0 < 10 
OpenRecordFile(ms)=0 < 1 < 39 
LastRecordIndex=4072
DiskSpaceAvailable=36809 * 1024 * 1024
FinishedAt=22:13:15 08/17/24

[D:\!SHU_FD\DAS\180824_280.000]
Style=BYMESSAGE
FifoLength=70000 * 1024
StartedAt=03:56:31 08/18/24
DataLength=7770936167 : 7868112205-13286-97162656
FifoUsagePeak(%)=0.07
FifoFreeSpace=1019845 : / - / - / - / - / - / - / - / - / - / 1019845 /
CloseRecordFile(ms)=0 < 0 < 14 
OpenRecordFile(ms)=0 < 1 < 24 
LastRecordIndex=7732
DiskSpaceAvailable=29383 * 1024 * 1024
FinishedAt=08:16:16 08/19/24

[D:\!SHU_FD\DAS\190824_280.000]
Style=BYMESSAGE
FifoLength=70000 * 1024
StartedAt=08:17:08 08/19/24
DataLength=3917711855 : 3966604918-2663-48890400
FifoUsagePeak(%)=0.07
FifoFreeSpace=513175 : / - / - / - / - / - / - / - / - / - / 513175 /
CloseRecordFile(ms)=0 < 0 < 6 
OpenRecordFile(ms)=0 < 1 < 38 
LastRecordIndex=3900
DiskSpaceAvailable=25639 * 1024 * 1024
FinishedAt=22:32:26 08/19/24

[D:\!SHU_FD\DAS\200824_280.000]
Style=BYMESSAGE
FifoLength=70000 * 1024
StartedAt=04:11:21 08/20/24
DataLength=27379236 : 27776772-4224-393312
FifoUsagePeak(%)=0.07
FifoFreeSpace=4124 : / - / - / - / - / - / - / - / - / - / 4124 /
CloseRecordFile(ms)=0 < 0 < 3 
OpenRecordFile(ms)=0 < 0 < 2 
LastRecordIndex=027
DiskSpaceAvailable=25613 * 1024 * 1024
FinishedAt=04:18:14 08/20/24

[D:\!SHU_FD\DAS\210824_203.000]
Style=BYMESSAGE
FifoLength=70000 * 1024
StartedAt=05:57:03 08/21/24
DataLength=3396562658 : 3439162306-8096-42591552
FifoUsagePeak(%)=0.07
FifoFreeSpace=447043 : / - / - / - / - / - / - / - / - / - / 447043 /
CloseRecordFile(ms)=0 < 0 < 10 
OpenRecordFile(ms)=0 < 1 < 30 
LastRecordIndex=3380
DiskSpaceAvailable=22367 * 1024 * 1024
FinishedAt=18:22:07 08/21/24

[D:\!SHU_FD\DAS\210824_290.000]
Style=BYMESSAGE
FifoLength=70000 * 1024
StartedAt=18:22:30 08/21/24
DataLength=3361809585 : 3403865326-4861-42050784
FifoUsagePeak(%)=0.07
FifoFreeSpace=441374 : / - / - / - / - / - / - / - / - / - / 441374 /
CloseRecordFile(ms)=0 < 1 < 9 
OpenRecordFile(ms)=0 < 1 < 27 
LastRecordIndex=3344
DiskSpaceAvailable=19154 * 1024 * 1024
FinishedAt=06:38:08 08/22/24

[D:\!SHU_FD\DAS\247_23082024.000]
Style=BYMESSAGE
FifoLength=70000 * 1024
StartedAt=21:35:07 08/23/24
DataLength=3581978640 : 3626885637-11541-44895456
FifoUsagePeak(%)=0.07
FifoFreeSpace=471225 : / - / - / - / - / - / - / - / - / - / 471225 /
CloseRecordFile(ms)=0 < 0 < 8 
OpenRecordFile(ms)=0 < 1 < 27 
LastRecordIndex=3563
DiskSpaceAvailable=15731 * 1024 * 1024
FinishedAt=10:40:30 08/24/24

[D:\!SHU_FD\DAS\240824_290.000]
Style=BYMESSAGE
FifoLength=70000 * 1024
StartedAt=10:41:16 08/24/24
DataLength=3414662340 : 3457421498-8054-42750912
FifoUsagePeak(%)=0.07
FifoFreeSpace=448722 : / - / - / - / - / - / - / - / - / - / 448722 /
CloseRecordFile(ms)=0 < 1 < 8 
OpenRecordFile(ms)=0 < 1 < 30 
LastRecordIndex=3397
DiskSpaceAvailable=12467 * 1024 * 1024
FinishedAt=23:09:08 08/24/24

[D:\!SHU_FD\DAS\247_240824.000]
Style=BYMESSAGE
FifoLength=70000 * 1024
StartedAt=03:34:01 08/25/24
DataLength=4001537319 : 4051693624-5329-50150976
FifoUsagePeak(%)=0.07
FifoFreeSpace=526386 : / - / - / - / - / - / - / - / - / - / 526386 /
CloseRecordFile(ms)=0 < 1 < 11 
OpenRecordFile(ms)=0 < 1 < 28 
LastRecordIndex=3980
DiskSpaceAvailable=8643 * 1024 * 1024
FinishedAt=18:11:20 08/25/24

[D:\!SHU_FD\DAS\250824_290.000]
Style=BYMESSAGE
FifoLength=70000 * 1024
StartedAt=19:59:56 08/25/24
DataLength=4556422686 : 4613520969-6219-57092064
FifoUsagePeak(%)=0.07
FifoFreeSpace=599241 : / - / - / - / - / - / - / - / - / - / 599241 /
CloseRecordFile(ms)=0 < 1 < 8 
OpenRecordFile(ms)=0 < 1 < 39 
LastRecordIndex=4532
DiskSpaceAvailable=4289 * 1024 * 1024
FinishedAt=12:38:41 08/26/24

[D:\!SHU_FD\DAS\260824_247.000]
Style=BYMESSAGE
FifoLength=70000 * 1024
StartedAt=12:39:00 08/26/24
DataLength=3056884098 : 3095163807-8445-38271168
FifoUsagePeak(%)=0.07
FifoFreeSpace=401701 : / - / - / - / - / - / - / - / - / - / 401701 /
CloseRecordFile(ms)=0 < 1 < 9 
OpenRecordFile(ms)=0 < 1 < 22 
LastRecordIndex=3041
DiskSpaceAvailable=1367 * 1024 * 1024
FinishedAt=23:48:30 08/26/24

[D:\!SHU_FD\DAS\270824_290.000]
Style=BYMESSAGE
FifoLength=70000 * 1024
StartedAt=12:24:59 08/27/24
DataLength=1231400071 : 1247034863-8392-15626400
FifoUsagePeak(%)=0.07
FifoFreeSpace=164001 : / - / - / - / - / - / - / - / - / - / 164001 /
CloseRecordFile(ms)=0 < 1 < 6 
OpenRecordFile(ms)=0 < 3 < 28 
LastRecordIndex=1225
DiskSpaceAvailable=190 * 1024 * 1024
FinishedAt=16:58:19 08/27/24

[D:\!SHU_FD\DAS\270824__290.000]
Style=BYMESSAGE
FifoLength=70000 * 1024
StartedAt=17:19:50 08/27/24
DataLength=3200314172 : 3240423725-5649-40103904
FifoUsagePeak(%)=0.07
FifoFreeSpace=420934 : / - / - / - / - / - / - / - / - / - / 420934 /
CloseRecordFile(ms)=0 < 1 < 18 
OpenRecordFile(ms)=0 < 1 < 34 
LastRecordIndex=3184
DiskSpaceAvailable=40041 * 1024 * 1024
FinishedAt=05:01:23 08/28/24

[D:\!SHU_FD\DAS\280824_282.000]
Style=BYMESSAGE
FifoLength=70000 * 1024
StartedAt=08:33:43 08/28/24
DataLength=3806210838 : 3853847617-13003-47623680
FifoUsagePeak(%)=0.11
FifoFreeSpace=499868 : / - / - / - / - / - / - / - / - / - / 499868 /
CloseRecordFile(ms)=0 < 1 < 14 
OpenRecordFile(ms)=0 < 1 < 31 
LastRecordIndex=3786
DiskSpaceAvailable=36404 * 1024 * 1024
FinishedAt=22:26:50 08/28/24

[D:\!SHU_FD\DAS\TTG.000]
Style=BYMESSAGE
FifoLength=70000 * 1024
StartedAt=10:12:41 08/29/24
DataLength=1101780 : 1129143-8643-18720
FifoUsagePeak(%)=0.06
FifoFreeSpace=197 : / - / - / - / - / - / - / - / - / - / 197 /
CloseRecordFile(ms)=0 < 0 < 0 
OpenRecordFile(ms)=5 < 5 < 5 
LastRecordIndex=001
DiskSpaceAvailable=36403 * 1024 * 1024
FinishedAt=10:13:01 08/29/24

[D:\!SHU_FD\DAS\290_290824.000]
Style=BYMESSAGE
FifoLength=70000 * 1024
StartedAt=10:13:19 08/29/24
DataLength=3799513151 : 3847218733-9806-47695776
FifoUsagePeak(%)=0.07
FifoFreeSpace=500612 : / - / - / - / - / - / - / - / - / - / 500612 /
CloseRecordFile(ms)=0 < 1 < 12 
OpenRecordFile(ms)=0 < 1 < 30 
LastRecordIndex=3780
DiskSpaceAvailable=32772 * 1024 * 1024
FinishedAt=00:07:40 08/30/24

[D:\!SHU_FD\DAS\010924_200.000]
Style=BYMESSAGE
FifoLength=70000 * 1024
StartedAt=00:44:26 09/01/24
DataLength=261957698 : 265262043-9337-3294912
FifoUsagePeak(%)=0.07
FifoFreeSpace=34584 : / - / - / - / - / - / - / - / - / - / 34584 /
CloseRecordFile(ms)=0 < 0 < 5 
OpenRecordFile(ms)=0 < 1 < 13 
LastRecordIndex=260
DiskSpaceAvailable=32522 * 1024 * 1024
FinishedAt=01:42:04 09/01/24

[D:\!SHU_FD\DAS\248_010824.000]
Style=BYMESSAGE
FifoLength=70000 * 1024
StartedAt=14:08:02 09/01/24
DataLength=473048244 : 479293747-8575-6236928
FifoUsagePeak(%)=0.07
FifoFreeSpace=65439 : / - / - / - / - / - / - / - / - / - / 65439 /
CloseRecordFile(ms)=0 < 0 < 5 
OpenRecordFile(ms)=0 < 1 < 16 
LastRecordIndex=470
DiskSpaceAvailable=32069 * 1024 * 1024
FinishedAt=15:57:06 09/01/24

[D:\!SHU_FD\DAS\010924_248.000]
Style=BYMESSAGE
FifoLength=70000 * 1024
StartedAt=16:07:24 09/01/24
DataLength=221299520 : 224220988-3644-2917824
FifoUsagePeak(%)=0.07
FifoFreeSpace=30614 : / - / - / - / - / - / - / - / - / - / 30614 /
CloseRecordFile(ms)=0 < 0 < 5 
OpenRecordFile(ms)=0 < 1 < 14 
LastRecordIndex=220
DiskSpaceAvailable=31858 * 1024 * 1024
FinishedAt=16:58:25 09/01/24

[D:\!SHU_FD\DAS\020924_247.000]
Style=BYMESSAGE
FifoLength=70000 * 1024
StartedAt=16:19:22 09/02/24
DataLength=96197808 : 97412280-3912-1210560
FifoUsagePeak(%)=0.07
FifoFreeSpace=12705 : / - / - / - / - / - / - / - / - / - / 12705 /
CloseRecordFile(ms)=0 < 0 < 7 
OpenRecordFile(ms)=0 < 1 < 18 
LastRecordIndex=095
DiskSpaceAvailable=31766 * 1024 * 1024
FinishedAt=16:40:33 09/02/24

[D:\!SHU_FD\DAS\030924_247.000]
Style=BYMESSAGE
FifoLength=70000 * 1024
StartedAt=01:26:17 09/04/24
DataLength=1389610807 : 1407006175-8520-17386848
FifoUsagePeak(%)=0.07
FifoFreeSpace=182495 : / - / - / - / - / - / - / - / - / - / 182495 /
CloseRecordFile(ms)=0 < 1 < 9 
OpenRecordFile(ms)=0 < 1 < 18 
LastRecordIndex=1382
DiskSpaceAvailable=30438 * 1024 * 1024
FinishedAt=06:30:27 09/04/24

[D:\!SHU_FD\DAS\040924_247.000]
Style=BYMESSAGE
FifoLength=70000 * 1024
StartedAt=16:06:24 09/04/24
DataLength=2195453959 : 2223009893-574-27555360
FifoUsagePeak(%)=0.07
FifoFreeSpace=289219 : / - / - / - / - / - / - / - / - / - / 289219 /
CloseRecordFile(ms)=0 < 0 < 23 
OpenRecordFile(ms)=0 < 1 < 35 
LastRecordIndex=2184
DiskSpaceAvailable=28340 * 1024 * 1024
FinishedAt=00:08:26 09/05/24

[D:\!SHU_FD\DAS\04092024_200.000]
Style=BYMESSAGE
FifoLength=70000 * 1024
StartedAt=03:22:56 09/05/24
DataLength=3905731378 : 3954689678-1660-48956640
FifoUsagePeak(%)=0.07
FifoFreeSpace=513850 : / - / - / - / - / - / - / - / - / - / 513850 /
CloseRecordFile(ms)=0 < 0 < 19 
OpenRecordFile(ms)=0 < 1 < 23 
LastRecordIndex=3885
DiskSpaceAvailable=24607 * 1024 * 1024
FinishedAt=17:39:21 09/05/24

[D:\!SHU_FD\DAS\050924_285.000]
Style=BYMESSAGE
FifoLength=70000 * 1024
StartedAt=22:42:30 09/05/24
DataLength=1113547912 : 1127510873-5233-13957728
FifoUsagePeak(%)=0.07
FifoFreeSpace=146500 : / - / - / - / - / - / - / - / - / - / 146500 /
CloseRecordFile(ms)=0 < 0 < 5 
OpenRecordFile(ms)=0 < 1 < 18 
LastRecordIndex=1107
DiskSpaceAvailable=23543 * 1024 * 1024
FinishedAt=02:46:40 09/06/24

[D:\!SHU_FD\DAS\060924_298.000]
Style=BYMESSAGE
FifoLength=70000 * 1024
StartedAt=14:01:31 09/06/24
DataLength=732288 : 1464672-192-732192
FifoUsagePeak(%)=0.05
FifoFreeSpace=7628 : / - / - / - / - / - / - / - / - / - / 7628 /
LastRecordIndex=000
DiskSpaceAvailable=23542 * 1024 * 1024
FinishedAt=14:14:14 09/06/24

[D:\!SHU_FD\DAS\060924__298.000]
Style=BYMESSAGE
FifoLength=70000 * 1024
StartedAt=16:10:59 09/06/24
DataLength=96 : 96
FifoUsagePeak(%)=0.00
FifoFreeSpace=0 : / - / - / - / - / - / - / - / - / - / - /
LastRecordIndex=000
DiskSpaceAvailable=23542 * 1024 * 1024
FinishedAt=16:26:46 09/06/24

[D:\!SHU_FD\DAS\060924__298.000]
Style=BYMESSAGE
FifoLength=70000 * 1024
StartedAt=16:29:25 09/06/24
DataLength=3527725089 : 3571917066-1545-44190432
FifoUsagePeak(%)=0.07
FifoFreeSpace=463826 : / - / - / - / - / - / - / - / - / - / 463826 /
CloseRecordFile(ms)=0 < 1 < 11 
OpenRecordFile(ms)=0 < 1 < 23 
LastRecordIndex=3509
DiskSpaceAvailable=20170 * 1024 * 1024
FinishedAt=05:22:28 09/07/24

[D:\!SHU_FD\DAS\060924_203.000]
Style=BYMESSAGE
FifoLength=70000 * 1024
StartedAt=10:48:27 09/07/24
DataLength=3648090668 : 3693709271-2955-45615648
FifoUsagePeak(%)=0.07
FifoFreeSpace=478793 : / - / - / - / - / - / - / - / - / - / 478793 /
CloseRecordFile(ms)=0 < 1 < 9 
OpenRecordFile(ms)=0 < 1 < 27 
LastRecordIndex=3630
DiskSpaceAvailable=16684 * 1024 * 1024
FinishedAt=00:06:26 09/08/24

[D:\!SHU_FD\DAS\070924_203.000]
Style=BYMESSAGE
FifoLength=70000 * 1024
StartedAt=03:41:03 09/08/24
DataLength=3906846373 : 3955714246-12513-48855360
FifoUsagePeak(%)=0.07
FifoFreeSpace=512798 : / - / - / - / - / - / - / - / - / - / 512798 /
CloseRecordFile(ms)=0 < 1 < 11 
OpenRecordFile(ms)=0 < 1 < 39 
LastRecordIndex=3887
DiskSpaceAvailable=12951 * 1024 * 1024
FinishedAt=17:55:43 09/08/24

[D:\!SHU_FD\DAS\090924_285.000]
Style=BYMESSAGE
FifoLength=70000 * 1024
StartedAt=19:10:12 09/09/24
DataLength=462003484 : 468064746-12110-6049152
FifoUsagePeak(%)=0.11
FifoFreeSpace=63472 : / - / - / - / - / - / - / - / - / - / 63472 /
CloseRecordFile(ms)=0 < 1 < 4 
OpenRecordFile(ms)=0 < 1 < 25 
LastRecordIndex=459
DiskSpaceAvailable=12509 * 1024 * 1024
FinishedAt=20:55:59 09/09/24

[D:\!SHU_FD\DAS\090924_285-2.000]
Style=BYMESSAGE
FifoLength=70000 * 1024
StartedAt=20:56:46 09/09/24
DataLength=26598489 : 26977058-7241-371328
FifoUsagePeak(%)=0.55
FifoFreeSpace=3895 : / - / - / - / - / - / - / - / - / - / 3895 /
CloseRecordFile(ms)=0 < 0 < 2 
OpenRecordFile(ms)=0 < 5 < 25 
LastRecordIndex=026
DiskSpaceAvailable=12483 * 1024 * 1024
FinishedAt=21:03:16 09/09/24

[D:\!SHU_FD\DAS\090924_285-2.000]
Style=BYMESSAGE
FifoLength=70000 * 1024
StartedAt=21:18:37 09/09/24
DataLength=3071642182 : 3110213571-9149-38562240
FifoUsagePeak(%)=0.15
FifoFreeSpace=404746 : / - / - / - / - / - / - / - / - / - / 404746 /
CloseRecordFile(ms)=0 < 1 < 11 
OpenRecordFile(ms)=0 < 1 < 216 
LastRecordIndex=3055
DiskSpaceAvailable=9573 * 1024 * 1024
FinishedAt=08:33:12 09/10/24

[D:\!SHU_FD\DAS\090924_285_3.000]
Style=BYMESSAGE
FifoLength=70000 * 1024
StartedAt=08:33:37 09/10/24
DataLength=230174832 : 233159345-6881-2977632
FifoUsagePeak(%)=2.18
FifoFreeSpace=31246 : / - / - / - / - / - / - / - / - / - / 31246 /
CloseRecordFile(ms)=0 < 0 < 5 
OpenRecordFile(ms)=0 < 2 < 30 
LastRecordIndex=229
DiskSpaceAvailable=9353 * 1024 * 1024
FinishedAt=09:25:42 09/10/24

[D:\!SHU_FD\DAS\090924_285_4.000]
Style=BYMESSAGE
FifoLength=70000 * 1024
StartedAt=09:26:03 09/10/24
DataLength=116988768 : 118468896-7968-1472160
FifoUsagePeak(%)=0.07
FifoFreeSpace=15452 : / - / - / - / - / - / - / - / - / - / 15452 /
CloseRecordFile(ms)=0 < 1 < 3 
OpenRecordFile(ms)=0 < 1 < 5 
LastRecordIndex=116
DiskSpaceAvailable=9242 * 1024 * 1024
FinishedAt=09:51:49 09/10/24

[D:\!SHU_FD\DAS\090924_203.000]
Style=BYMESSAGE
FifoLength=70000 * 1024
StartedAt=09:52:09 09/10/24
DataLength=178015237 : 180255425-6268-2233920
FifoUsagePeak(%)=0.07
FifoFreeSpace=23447 : / - / - / - / - / - / - / - / - / - / 23447 /
CloseRecordFile(ms)=0 < 0 < 3 
OpenRecordFile(ms)=0 < 1 < 20 
LastRecordIndex=177
DiskSpaceAvailable=9071 * 1024 * 1024
FinishedAt=10:31:13 09/10/24

[D:\!SHU_FD\DAS\100924_247.000]
Style=BYMESSAGE
FifoLength=70000 * 1024
StartedAt=00:22:47 09/11/24
DataLength=1953814087 : 1978329757-6102-24509568
FifoUsagePeak(%)=0.07
FifoFreeSpace=257252 : / - / - / - / - / - / - / - / - / - / 257252 /
CloseRecordFile(ms)=0 < 1 < 10 
OpenRecordFile(ms)=0 < 1 < 30 
LastRecordIndex=1944
DiskSpaceAvailable=7204 * 1024 * 1024
FinishedAt=07:31:32 09/11/24

[D:\!SHU_FD\DAS\110924_280.000]
Style=BYMESSAGE
FifoLength=70000 * 1024
StartedAt=21:07:02 09/11/24
DataLength=2932528329 : 2969242662-189-36714144
FifoUsagePeak(%)=0.07
FifoFreeSpace=385357 : / - / - / - / - / - / - / - / - / - / 385357 /
CloseRecordFile(ms)=0 < 1 < 10 
OpenRecordFile(ms)=0 < 1 < 33 
LastRecordIndex=2918
DiskSpaceAvailable=11058 * 1024 * 1024
FinishedAt=07:49:18 09/12/24

[D:\!SHU_FD\DAS\130924_203.000]
Style=BYMESSAGE
FifoLength=70000 * 1024
StartedAt=14:13:01 09/13/24
DataLength=3876395326 : 3925062117-9191-48657408
FifoUsagePeak(%)=0.07
FifoFreeSpace=510709 : / - / - / - / - / - / - / - / - / - / 510709 /
CloseRecordFile(ms)=0 < 1 < 12 
OpenRecordFile(ms)=0 < 1 < 11 
LastRecordIndex=3858
DiskSpaceAvailable=35045 * 1024 * 1024
FinishedAt=04:24:12 09/14/24

[D:\!SHU_FD\DAS\203_140924.000]
Style=BYMESSAGE
FifoLength=70000 * 1024
StartedAt=08:10:21 09/14/24
DataLength=3517600512 : 3561766124-5996-44159616
FifoUsagePeak(%)=0.07
FifoFreeSpace=463499 : / - / - / - / - / - / - / - / - / - / 463499 /
CloseRecordFile(ms)=0 < 1 < 10 
OpenRecordFile(ms)=0 < 1 < 23 
LastRecordIndex=3502
DiskSpaceAvailable=31684 * 1024 * 1024
FinishedAt=21:02:51 09/14/24

[D:\!SHU_FD\DAS\140924_298.000]
Style=BYMESSAGE
FifoLength=70000 * 1024
StartedAt=01:47:40 09/15/24
DataLength=3489473073 : 3533313757-8524-43832064
FifoUsagePeak(%)=0.07
FifoFreeSpace=460061 : / - / - / - / - / - / - / - / - / - / 460061 /
CloseRecordFile(ms)=0 < 1 < 16 
OpenRecordFile(ms)=0 < 1 < 27 
LastRecordIndex=3475
DiskSpaceAvailable=28349 * 1024 * 1024
FinishedAt=14:34:26 09/15/24

[D:\!SHU_FD\DAS\160924_247.000]
Style=BYMESSAGE
FifoLength=70000 * 1024
StartedAt=21:21:23 09/16/24
DataLength=306909810 : 311043674-11240-4122624
FifoUsagePeak(%)=0.07
FifoFreeSpace=43250 : / - / - / - / - / - / - / - / - / - / 43250 /
CloseRecordFile(ms)=0 < 1 < 6 
OpenRecordFile(ms)=0 < 1 < 8 
LastRecordIndex=305
DiskSpaceAvailable=28056 * 1024 * 1024
FinishedAt=22:33:28 09/16/24

[D:\!SHU_FD\DAS\160924_203.000]
Style=BYMESSAGE
FifoLength=70000 * 1024
StartedAt=23:41:57 09/16/24
DataLength=3441559754 : 3484742166-4780-43177632
FifoUsagePeak(%)=0.07
FifoFreeSpace=453191 : / - / - / - / - / - / - / - / - / - / 453191 /
CloseRecordFile(ms)=0 < 1 < 11 
OpenRecordFile(ms)=0 < 1 < 18 
LastRecordIndex=3424
DiskSpaceAvailable=24767 * 1024 * 1024
FinishedAt=12:17:17 09/17/24

[D:\!SHU_FD\DAS\170824_248.000]
Style=BYMESSAGE
FifoLength=70000 * 1024
StartedAt=13:44:59 09/17/24
DataLength=4739722581 : 4798885387-3190-59159616
FifoUsagePeak(%)=0.07
FifoFreeSpace=620968 : / - / - / - / - / - / - / - / - / - / 620968 /
CloseRecordFile(ms)=0 < 1 < 13 
OpenRecordFile(ms)=0 < 1 < 29 
LastRecordIndex=4722
DiskSpaceAvailable=20238 * 1024 * 1024
FinishedAt=06:59:56 09/18/24

[D:\!SHU_FD\DAS\180924_280.000]
Style=BYMESSAGE
FifoLength=70000 * 1024
StartedAt=18:48:36 09/18/24
DataLength=4861986662 : 4922840273-4779-60848832
FifoUsagePeak(%)=0.07
FifoFreeSpace=638686 : / - / - / - / - / - / - / - / - / - / 638686 /
CloseRecordFile(ms)=0 < 0 < 10 
OpenRecordFile(ms)=0 < 0 < 18 
LastRecordIndex=4844
DiskSpaceAvailable=15591 * 1024 * 1024
FinishedAt=12:33:05 09/19/24

[D:\!SHU_FD\DAS\190924_282.000]
Style=BYMESSAGE
FifoLength=70000 * 1024
StartedAt=03:56:09 09/20/24
DataLength=222186482 : 225144295-13589-2944224
FifoUsagePeak(%)=0.07
FifoFreeSpace=30891 : / - / - / - / - / - / - / - / - / - / 30891 /
CloseRecordFile(ms)=0 < 0 < 6 
OpenRecordFile(ms)=0 < 0 < 5 
LastRecordIndex=221
DiskSpaceAvailable=15379 * 1024 * 1024
FinishedAt=04:47:38 09/20/24

[D:\!SHU_FD\DAS\190924_282_2.000]
Style=BYMESSAGE
FifoLength=70000 * 1024
StartedAt=06:08:26 09/20/24
DataLength=3089317478 : 3128266681-9587-38939424
FifoUsagePeak(%)=0.07
FifoFreeSpace=408698 : / - / - / - / - / - / - / - / - / - / 408698 /
CloseRecordFile(ms)=0 < 0 < 6 
OpenRecordFile(ms)=0 < 0 < 11 
LastRecordIndex=3076
DiskSpaceAvailable=12427 * 1024 * 1024
FinishedAt=17:29:36 09/20/24

[D:\!SHU_FD\DAS\200924_298.000]
Style=BYMESSAGE
FifoLength=70000 * 1024
StartedAt=00:18:29 09/21/24
DataLength=329894873 : 334399130-8577-4495680
FifoUsagePeak(%)=0.07
FifoFreeSpace=47159 : / - / - / - / - / - / - / - / - / - / 47159 /
CloseRecordFile(ms)=0 < 0 < 3 
OpenRecordFile(ms)=0 < 0 < 4 
LastRecordIndex=328
DiskSpaceAvailable=12112 * 1024 * 1024
FinishedAt=01:37:05 09/21/24

[D:\!SHU_FD\DAS\200924_248.000]
Style=BYMESSAGE
FifoLength=70000 * 1024
StartedAt=01:37:26 09/21/24
DataLength=4472976679 : 4529164724-9421-56178528
FifoUsagePeak(%)=0.11
FifoFreeSpace=589651 : / - / - / - / - / - / - / - / - / - / 589651 /
CloseRecordFile(ms)=0 < 0 < 8 
OpenRecordFile(ms)=0 < 0 < 9 
LastRecordIndex=4456
DiskSpaceAvailable=7837 * 1024 * 1024
FinishedAt=18:00:11 09/21/24

[D:\!SHU_FD\SCREENS\TECHNI\210924_282.000]
Style=BYMESSAGE
FifoLength=70000 * 1024
StartedAt=23:14:57 09/21/24
DataLength=3882545045 : 3931309103-2490-48761472
FifoUsagePeak(%)=0.07
FifoFreeSpace=511798 : / - / - / - / - / - / - / - / - / - / 511798 /
CloseRecordFile(ms)=0 < 0 < 9 
OpenRecordFile(ms)=0 < 1 < 27 
LastRecordIndex=3865
DiskSpaceAvailable=4125 * 1024 * 1024
FinishedAt=13:27:57 09/22/24

[D:\!SHU_FD\SCREENS\TECHNI\220924_298.000]
Style=BYMESSAGE
FifoLength=70000 * 1024
StartedAt=20:15:00 09/22/24
DataLength=4117889817 : 4169620342-5437-51724992
FifoUsagePeak(%)=0.07
FifoFreeSpace=542901 : / - / - / - / - / - / - / - / - / - / 542901 /
CloseRecordFile(ms)=0 < 0 < 7 
OpenRecordFile(ms)=0 < 1 < 82 
LastRecordIndex=4098
DiskSpaceAvailable=188 * 1024 * 1024
FinishedAt=11:19:51 09/23/24

[D:\!SHU_FD\SCREENS\TECHNI\230924_298.000]
Style=BYMESSAGE
FifoLength=70000 * 1024
StartedAt=12:25:01 09/23/24
DataLength=449014 : 461081-6403-5664
FifoUsagePeak(%)=0.06
FifoFreeSpace=59 : / - / - / - / - / - / - / - / - / - / 59 /
LastRecordIndex=000
DiskSpaceAvailable=187 * 1024 * 1024
FinishedAt=12:25:07 09/23/24

[D:\!SHU_FD\SCREENS\TECHNI\230924_298.000]
Style=BYMESSAGE
FifoLength=70000 * 1024
StartedAt=12:39:58 09/23/24
DataLength=354475870 : 358931547-8093-4447584
FifoUsagePeak(%)=0.07
FifoFreeSpace=46682 : / - / - / - / - / - / - / - / - / - / 46682 /
CloseRecordFile(ms)=0 < 0 < 3 
OpenRecordFile(ms)=0 < 0 < 5 
LastRecordIndex=352
DiskSpaceAvailable=2908 * 1024 * 1024
FinishedAt=13:57:47 09/23/24

[D:\!SHU_FD\SCREENS\TECHNI\220924_203.000]
Style=BYMESSAGE
FifoLength=70000 * 1024
StartedAt=20:12:15 09/23/24
DataLength=2842727063 : 2878862149-11246-36123744
FifoUsagePeak(%)=0.07
FifoFreeSpace=379121 : / - / - / - / - / - / - / - / - / - / 379121 /
CloseRecordFile(ms)=0 < 0 < 6 
OpenRecordFile(ms)=0 < 1 < 28 
LastRecordIndex=2830
DiskSpaceAvailable=190 * 1024 * 1024
FinishedAt=06:44:07 09/24/24

[D:\!SHU_FD\SCREENS\TECHNI\230924_203.000]
Style=BYMESSAGE
FifoLength=70000 * 1024
StartedAt=07:27:59 09/24/24
DataLength=499517633 : 505796296-6407-6272256
FifoUsagePeak(%)=0.07
FifoFreeSpace=65833 : / - / - / - / - / - / - / - / - / - / 65833 /
CloseRecordFile(ms)=0 < 0 < 7 
OpenRecordFile(ms)=0 < 1 < 7 
LastRecordIndex=497
DiskSpaceAvailable=85511 * 1024 * 1024
FinishedAt=09:17:43 09/24/24

[D:\!SHU_FD\DAS\24092024_290.000]
Style=BYMESSAGE
FifoLength=70000 * 1024
StartedAt=20:34:11 09/24/24
DataLength=738951799 : 748376663-8032-9416832
FifoUsagePeak(%)=0.07
FifoFreeSpace=98829 : / - / - / - / - / - / - / - / - / - / 98829 /
CloseRecordFile(ms)=0 < 1 < 7 
OpenRecordFile(ms)=0 < 1 < 30 
LastRecordIndex=736
DiskSpaceAvailable=84805 * 1024 * 1024
FinishedAt=23:18:55 09/24/24

[D:\!SHU_FD\DAS\250824_290.000]
Style=BYMESSAGE
FifoLength=70000 * 1024
StartedAt=05:04:52 09/26/24
DataLength=5001498780 : 5064827601-19701-63309120
FifoUsagePeak(%)=0.97
FifoFreeSpace=664448 : / - / - / - / - / - / - / - / - / - / 664448 /
CloseRecordFile(ms)=0 < 0 < 109 
OpenRecordFile(ms)=0 < 1 < 129 
LastRecordIndex=4975
DiskSpaceAvailable=80025 * 1024 * 1024
FinishedAt=23:32:17 09/26/24
